<?xml version="1.0" encoding="utf-8"?>
<TestRun id="9a6b0917-b495-41fa-a968-77ac2b6f2b46" name="robin@DESKTOP-B8N5S60 2024-04-15 22:25:13" runUser="DESKTOP-B8N5S60\robin" xmlns="http://microsoft.com/schemas/VisualStudio/TeamTest/2010">
  <Times creation="2024-04-15T22:25:13.3635779+01:00" queuing="2024-04-15T22:25:13.3635782+01:00" start="2024-04-15T22:25:11.7078499+01:00" finish="2024-04-15T22:25:13.3681499+01:00" />
  <TestSettings name="default" id="ba675c57-5d7f-42ac-a224-dd666b8c27ac">
    <Deployment runDeploymentRoot="robin_DESKTOP-B8N5S60_2024-04-15_22_25_13" />
  </TestSettings>
  <Results>
    <UnitTestResult executionId="63dd2fe4-6ddd-40e8-9e87-d48f8c4746ee" testId="887dd281-bbe5-a7f6-1d66-aa134790b1d2" testName="PortfolioControllerTests.SellStock_Removes_Shares" computerName="DESKTOP-B8N5S60" duration="00:00:00.0188855" startTime="2024-04-15T22:25:13.2803786+01:00" endTime="2024-04-15T22:25:13.2803788+01:00" testType="13cdc9d9-ddb5-4fa4-a97d-d965ccfc6d4b" outcome="Passed" testListId="8c84fa94-04c1-424b-9868-57a2d4851a1d" relativeResultsDirectory="63dd2fe4-6ddd-40e8-9e87-d48f8c4746ee" />
    <UnitTestResult executionId="005fa973-82a1-46c9-b12e-9ab192449b6b" testId="acc34ffe-182c-426d-dede-dea400313d7d" testName="PortfolioControllerTests.AddStockToPortfolio_Adds_New_Stock" computerName="DESKTOP-B8N5S60" duration="00:00:00.4961128" startTime="2024-04-15T22:25:13.2618089+01:00" endTime="2024-04-15T22:25:13.2618257+01:00" testType="13cdc9d9-ddb5-4fa4-a97d-d965ccfc6d4b" outcome="Passed" testListId="8c84fa94-04c1-424b-9868-57a2d4851a1d" relativeResultsDirectory="005fa973-82a1-46c9-b12e-9ab192449b6b" />
  </Results>
  <TestDefinitions>
    <UnitTest name="PortfolioControllerTests.AddStockToPortfolio_Adds_New_Stock" storage="c:\users\robin\desktop\tu dublin\ead\ca2\secondtry\dividendtrackertests\bin\debug\net8.0\dividendtrackertests.dll" id="acc34ffe-182c-426d-dede-dea400313d7d">
      <Execution id="005fa973-82a1-46c9-b12e-9ab192449b6b" />
      <TestMethod codeBase="C:\Users\robin\Desktop\TU DUblin\EAD\CA2\SecondTry\DividendTrackerTests\bin\Debug\net8.0\DividendTrackerTests.dll" adapterTypeName="executor://xunit/VsTestRunner2/netcoreapp" className="PortfolioControllerTests" name="AddStockToPortfolio_Adds_New_Stock" />
    </UnitTest>
    <UnitTest name="PortfolioControllerTests.SellStock_Removes_Shares" storage="c:\users\robin\desktop\tu dublin\ead\ca2\secondtry\dividendtrackertests\bin\debug\net8.0\dividendtrackertests.dll" id="887dd281-bbe5-a7f6-1d66-aa134790b1d2">
      <Execution id="63dd2fe4-6ddd-40e8-9e87-d48f8c4746ee" />
      <TestMethod codeBase="C:\Users\robin\Desktop\TU DUblin\EAD\CA2\SecondTry\DividendTrackerTests\bin\Debug\net8.0\DividendTrackerTests.dll" adapterTypeName="executor://xunit/VsTestRunner2/netcoreapp" className="PortfolioControllerTests" name="SellStock_Removes_Shares" />
    </UnitTest>
  </TestDefinitions>
  <TestEntries>
    <TestEntry testId="887dd281-bbe5-a7f6-1d66-aa134790b1d2" executionId="63dd2fe4-6ddd-40e8-9e87-d48f8c4746ee" testListId="8c84fa94-04c1-424b-9868-57a2d4851a1d" />
    <TestEntry testId="acc34ffe-182c-426d-dede-dea400313d7d" executionId="005fa973-82a1-46c9-b12e-9ab192449b6b" testListId="8c84fa94-04c1-424b-9868-57a2d4851a1d" />
  </TestEntries>
  <TestLists>
    <TestList name="Results Not in a List" id="8c84fa94-04c1-424b-9868-57a2d4851a1d" />
    <TestList name="All Loaded Results" id="19431567-8539-422a-85d7-44ee4e166bda" />
  </TestLists>
  <ResultSummary outcome="Completed">
    <Counters total="2" executed="2" passed="2" failed="0" error="0" timeout="0" aborted="0" inconclusive="0" passedButRunAborted="0" notRunnable="0" notExecuted="0" disconnected="0" warning="0" completed="0" inProgress="0" pending="0" />
    <Output>
      <StdOut>[xUnit.net 00:00:00.00] xUnit.net VSTest Adapter v2.5.3.1+6b60a9e56a (64-bit .NET 8.0.4)&#xD;
[xUnit.net 00:00:00.53]   Discovering: DividendTrackerTests&#xD;
[xUnit.net 00:00:00.55]   Discovered:  DividendTrackerTests&#xD;
[xUnit.net 00:00:00.55]   Starting:    DividendTrackerTests&#xD;
[xUnit.net 00:00:01.11]   Finished:    DividendTrackerTests&#xD;
</StdOut>
    </Output>
  </ResultSummary>
</TestRun>